{"/Users/louieg3/Documents/Web_development/Springboard/Section_37/Jobly/app.js": {"path":"/Users/louieg3/Documents/Web_development/Springboard/Section_37/Jobly/app.js","statementMap":{"0":{"start":{"line":1,"column":16},"end":{"line":1,"column":34}},"1":{"start":{"line":2,"column":21},"end":{"line":2,"column":54}},"2":{"start":{"line":3,"column":15},"end":{"line":3,"column":32}},"3":{"start":{"line":4,"column":12},"end":{"line":4,"column":21}},"4":{"start":{"line":5,"column":22},"end":{"line":5,"column":51}},"5":{"start":{"line":6,"column":18},"end":{"line":6,"column":42}},"6":{"start":{"line":7,"column":19},"end":{"line":7,"column":43}},"7":{"start":{"line":8,"column":20},"end":{"line":8,"column":45}},"8":{"start":{"line":9,"column":16},"end":{"line":9,"column":45}},"9":{"start":{"line":11,"column":0},"end":{"line":11,"column":24}},"10":{"start":{"line":13,"column":0},"end":{"line":13,"column":37}},"11":{"start":{"line":14,"column":0},"end":{"line":14,"column":28}},"12":{"start":{"line":15,"column":0},"end":{"line":15,"column":31}},"13":{"start":{"line":16,"column":0},"end":{"line":16,"column":25}},"14":{"start":{"line":18,"column":0},"end":{"line":21,"column":3}},"15":{"start":{"line":19,"column":16},"end":{"line":19,"column":50}},"16":{"start":{"line":20,"column":4},"end":{"line":20,"column":21}},"17":{"start":{"line":23,"column":0},"end":{"line":30,"column":3}},"18":{"start":{"line":24,"column":4},"end":{"line":24,"column":34}},"19":{"start":{"line":25,"column":4},"end":{"line":25,"column":29}},"20":{"start":{"line":26,"column":4},"end":{"line":29,"column":7}},"21":{"start":{"line":32,"column":0},"end":{"line":32,"column":21}}},"fnMap":{"0":{"name":"(anonymous_0)","decl":{"start":{"line":18,"column":8},"end":{"line":18,"column":9}},"loc":{"start":{"line":18,"column":33},"end":{"line":21,"column":1}},"line":18},"1":{"name":"(anonymous_1)","decl":{"start":{"line":23,"column":8},"end":{"line":23,"column":9}},"loc":{"start":{"line":23,"column":38},"end":{"line":30,"column":1}},"line":23}},"branchMap":{"0":{"loc":{"start":{"line":24,"column":15},"end":{"line":24,"column":32}},"type":"binary-expr","locations":[{"start":{"line":24,"column":15},"end":{"line":24,"column":25}},{"start":{"line":24,"column":29},"end":{"line":24,"column":32}}],"line":24}},"s":{"0":3,"1":3,"2":3,"3":3,"4":3,"5":3,"6":3,"7":3,"8":3,"9":3,"10":3,"11":3,"12":3,"13":3,"14":3,"15":0,"16":0,"17":3,"18":5,"19":5,"20":5,"21":3},"f":{"0":0,"1":5},"b":{"0":[5,0]},"_coverageSchema":"1a1c01bbd47fc00a2c39e90264f33305004495a9","hash":"eeb5c98292d69f2aa1a6558da496f69f924d25fd"}
,"/Users/louieg3/Documents/Web_development/Springboard/Section_37/Jobly/config.js": {"path":"/Users/louieg3/Documents/Web_development/Springboard/Section_37/Jobly/config.js","statementMap":{"0":{"start":{"line":1,"column":0},"end":{"line":1,"column":27}},"1":{"start":{"line":2,"column":19},"end":{"line":2,"column":51}},"2":{"start":{"line":3,"column":13},"end":{"line":3,"column":38}},"3":{"start":{"line":13,"column":0},"end":{"line":17,"column":1}},"4":{"start":{"line":14,"column":4},"end":{"line":14,"column":26}},"5":{"start":{"line":16,"column":4},"end":{"line":16,"column":49}},"6":{"start":{"line":19,"column":0},"end":{"line":23,"column":2}}},"fnMap":{},"branchMap":{"0":{"loc":{"start":{"line":2,"column":19},"end":{"line":2,"column":51}},"type":"binary-expr","locations":[{"start":{"line":2,"column":19},"end":{"line":2,"column":41}},{"start":{"line":2,"column":45},"end":{"line":2,"column":51}}],"line":2},"1":{"loc":{"start":{"line":3,"column":13},"end":{"line":3,"column":38}},"type":"binary-expr","locations":[{"start":{"line":3,"column":13},"end":{"line":3,"column":30}},{"start":{"line":3,"column":34},"end":{"line":3,"column":38}}],"line":3},"2":{"loc":{"start":{"line":13,"column":0},"end":{"line":17,"column":1}},"type":"if","locations":[{"start":{"line":13,"column":0},"end":{"line":17,"column":1}},{"start":{"line":13,"column":0},"end":{"line":17,"column":1}}],"line":13},"3":{"loc":{"start":{"line":16,"column":13},"end":{"line":16,"column":48}},"type":"binary-expr","locations":[{"start":{"line":16,"column":13},"end":{"line":16,"column":37}},{"start":{"line":16,"column":41},"end":{"line":16,"column":48}}],"line":16}},"s":{"0":3,"1":3,"2":3,"3":3,"4":3,"5":0,"6":3},"f":{},"b":{"0":[3,3],"1":[3,3],"2":[3,0],"3":[0,0]},"_coverageSchema":"1a1c01bbd47fc00a2c39e90264f33305004495a9","hash":"fb193d04392b5de3155c251ee8055601db76264e"}
,"/Users/louieg3/Documents/Web_development/Springboard/Section_37/Jobly/db.js": {"path":"/Users/louieg3/Documents/Web_development/Springboard/Section_37/Jobly/db.js","statementMap":{"0":{"start":{"line":3,"column":19},"end":{"line":3,"column":32}},"1":{"start":{"line":4,"column":19},"end":{"line":4,"column":38}},"2":{"start":{"line":5,"column":11},"end":{"line":7,"column":2}},"3":{"start":{"line":9,"column":0},"end":{"line":9,"column":13}},"4":{"start":{"line":11,"column":0},"end":{"line":11,"column":20}}},"fnMap":{},"branchMap":{},"s":{"0":3,"1":3,"2":3,"3":3,"4":3},"f":{},"b":{},"_coverageSchema":"1a1c01bbd47fc00a2c39e90264f33305004495a9","hash":"e525ba91f1aec285709f8c581fdf7301fe227091"}
,"/Users/louieg3/Documents/Web_development/Springboard/Section_37/Jobly/helpers/createToken.js": {"path":"/Users/louieg3/Documents/Web_development/Springboard/Section_37/Jobly/helpers/createToken.js","statementMap":{"0":{"start":{"line":1,"column":12},"end":{"line":1,"column":35}},"1":{"start":{"line":2,"column":23},"end":{"line":2,"column":43}},"2":{"start":{"line":5,"column":16},"end":{"line":8,"column":3}},"3":{"start":{"line":9,"column":2},"end":{"line":9,"column":39}},"4":{"start":{"line":12,"column":0},"end":{"line":12,"column":29}}},"fnMap":{"0":{"name":"createToken","decl":{"start":{"line":4,"column":9},"end":{"line":4,"column":20}},"loc":{"start":{"line":4,"column":27},"end":{"line":10,"column":1}},"line":4}},"branchMap":{},"s":{"0":3,"1":3,"2":19,"3":19,"4":3},"f":{"0":19},"b":{},"_coverageSchema":"1a1c01bbd47fc00a2c39e90264f33305004495a9","hash":"509ad146b76f65d2028220eaf7c5aabe31cfc0d2"}
,"/Users/louieg3/Documents/Web_development/Springboard/Section_37/Jobly/helpers/expressError.js": {"path":"/Users/louieg3/Documents/Web_development/Springboard/Section_37/Jobly/helpers/expressError.js","statementMap":{"0":{"start":{"line":3,"column":4},"end":{"line":3,"column":12}},"1":{"start":{"line":4,"column":4},"end":{"line":4,"column":27}},"2":{"start":{"line":5,"column":4},"end":{"line":5,"column":25}},"3":{"start":{"line":6,"column":4},"end":{"line":6,"column":30}},"4":{"start":{"line":10,"column":0},"end":{"line":10,"column":30}}},"fnMap":{"0":{"name":"(anonymous_0)","decl":{"start":{"line":2,"column":2},"end":{"line":2,"column":3}},"loc":{"start":{"line":2,"column":31},"end":{"line":7,"column":3}},"line":2}},"branchMap":{},"s":{"0":5,"1":5,"2":5,"3":5,"4":3},"f":{"0":5},"b":{},"_coverageSchema":"1a1c01bbd47fc00a2c39e90264f33305004495a9","hash":"f498626dc9ed817767aecde77c6bc724102ac5e2"}
,"/Users/louieg3/Documents/Web_development/Springboard/Section_37/Jobly/helpers/partialUpdate.js": {"path":"/Users/louieg3/Documents/Web_development/Springboard/Section_37/Jobly/helpers/partialUpdate.js","statementMap":{"0":{"start":{"line":16,"column":12},"end":{"line":16,"column":13}},"1":{"start":{"line":17,"column":16},"end":{"line":17,"column":18}},"2":{"start":{"line":18,"column":2},"end":{"line":22,"column":3}},"3":{"start":{"line":19,"column":4},"end":{"line":21,"column":5}},"4":{"start":{"line":20,"column":6},"end":{"line":20,"column":24}},"5":{"start":{"line":23,"column":2},"end":{"line":26,"column":3}},"6":{"start":{"line":24,"column":4},"end":{"line":24,"column":38}},"7":{"start":{"line":25,"column":4},"end":{"line":25,"column":13}},"8":{"start":{"line":27,"column":13},"end":{"line":27,"column":31}},"9":{"start":{"line":28,"column":14},"end":{"line":28,"column":76}},"10":{"start":{"line":29,"column":15},"end":{"line":29,"column":35}},"11":{"start":{"line":30,"column":2},"end":{"line":30,"column":18}},"12":{"start":{"line":31,"column":2},"end":{"line":31,"column":27}},"13":{"start":{"line":34,"column":0},"end":{"line":34,"column":37}}},"fnMap":{"0":{"name":"sqlForPartialUpdate","decl":{"start":{"line":15,"column":9},"end":{"line":15,"column":28}},"loc":{"start":{"line":15,"column":52},"end":{"line":32,"column":1}},"line":15}},"branchMap":{"0":{"loc":{"start":{"line":19,"column":4},"end":{"line":21,"column":5}},"type":"if","locations":[{"start":{"line":19,"column":4},"end":{"line":21,"column":5}},{"start":{"line":19,"column":4},"end":{"line":21,"column":5}}],"line":19}},"s":{"0":3,"1":3,"2":3,"3":7,"4":2,"5":3,"6":5,"7":5,"8":3,"9":3,"10":3,"11":3,"12":3,"13":3},"f":{"0":3},"b":{"0":[2,5]},"_coverageSchema":"1a1c01bbd47fc00a2c39e90264f33305004495a9","hash":"5381cf02da4027e44cd40a6f2e2130be01b112cc"}
,"/Users/louieg3/Documents/Web_development/Springboard/Section_37/Jobly/middleware/auth.js": {"path":"/Users/louieg3/Documents/Web_development/Springboard/Section_37/Jobly/middleware/auth.js","statementMap":{"0":{"start":{"line":1,"column":12},"end":{"line":1,"column":35}},"1":{"start":{"line":2,"column":23},"end":{"line":2,"column":43}},"2":{"start":{"line":3,"column":21},"end":{"line":3,"column":55}},"3":{"start":{"line":6,"column":2},"end":{"line":13,"column":3}},"4":{"start":{"line":7,"column":21},"end":{"line":7,"column":56}},"5":{"start":{"line":8,"column":16},"end":{"line":8,"column":48}},"6":{"start":{"line":9,"column":4},"end":{"line":9,"column":41}},"7":{"start":{"line":10,"column":4},"end":{"line":10,"column":18}},"8":{"start":{"line":12,"column":4},"end":{"line":12,"column":70}},"9":{"start":{"line":17,"column":2},"end":{"line":27,"column":3}},"10":{"start":{"line":18,"column":21},"end":{"line":18,"column":36}},"11":{"start":{"line":19,"column":16},"end":{"line":19,"column":48}},"12":{"start":{"line":20,"column":4},"end":{"line":20,"column":41}},"13":{"start":{"line":21,"column":4},"end":{"line":23,"column":5}},"14":{"start":{"line":22,"column":6},"end":{"line":22,"column":20}},"15":{"start":{"line":24,"column":4},"end":{"line":24,"column":22}},"16":{"start":{"line":26,"column":4},"end":{"line":26,"column":73}},"17":{"start":{"line":31,"column":2},"end":{"line":41,"column":3}},"18":{"start":{"line":32,"column":21},"end":{"line":32,"column":36}},"19":{"start":{"line":33,"column":16},"end":{"line":33,"column":48}},"20":{"start":{"line":34,"column":4},"end":{"line":34,"column":41}},"21":{"start":{"line":35,"column":4},"end":{"line":37,"column":5}},"22":{"start":{"line":36,"column":6},"end":{"line":36,"column":20}},"23":{"start":{"line":38,"column":4},"end":{"line":38,"column":22}},"24":{"start":{"line":40,"column":4},"end":{"line":40,"column":55}},"25":{"start":{"line":44,"column":0},"end":{"line":48,"column":2}}},"fnMap":{"0":{"name":"authRequired","decl":{"start":{"line":5,"column":9},"end":{"line":5,"column":21}},"loc":{"start":{"line":5,"column":38},"end":{"line":14,"column":1}},"line":5},"1":{"name":"adminRequired","decl":{"start":{"line":16,"column":9},"end":{"line":16,"column":22}},"loc":{"start":{"line":16,"column":39},"end":{"line":28,"column":1}},"line":16},"2":{"name":"ensureCorrectUser","decl":{"start":{"line":30,"column":9},"end":{"line":30,"column":26}},"loc":{"start":{"line":30,"column":43},"end":{"line":42,"column":1}},"line":30}},"branchMap":{"0":{"loc":{"start":{"line":7,"column":21},"end":{"line":7,"column":56}},"type":"binary-expr","locations":[{"start":{"line":7,"column":21},"end":{"line":7,"column":36}},{"start":{"line":7,"column":40},"end":{"line":7,"column":56}}],"line":7},"1":{"loc":{"start":{"line":21,"column":4},"end":{"line":23,"column":5}},"type":"if","locations":[{"start":{"line":21,"column":4},"end":{"line":23,"column":5}},{"start":{"line":21,"column":4},"end":{"line":23,"column":5}}],"line":21},"2":{"loc":{"start":{"line":35,"column":4},"end":{"line":37,"column":5}},"type":"if","locations":[{"start":{"line":35,"column":4},"end":{"line":37,"column":5}},{"start":{"line":35,"column":4},"end":{"line":37,"column":5}}],"line":35}},"s":{"0":3,"1":3,"2":3,"3":0,"4":0,"5":0,"6":0,"7":0,"8":0,"9":0,"10":0,"11":0,"12":0,"13":0,"14":0,"15":0,"16":0,"17":0,"18":0,"19":0,"20":0,"21":0,"22":0,"23":0,"24":0,"25":3},"f":{"0":0,"1":0,"2":0},"b":{"0":[0,0],"1":[0,0],"2":[0,0]},"_coverageSchema":"1a1c01bbd47fc00a2c39e90264f33305004495a9","hash":"82a8dcd514a303970c4021bc8c538ffaa5abe7ac"}
,"/Users/louieg3/Documents/Web_development/Springboard/Section_37/Jobly/models/companies.js": {"path":"/Users/louieg3/Documents/Web_development/Springboard/Section_37/Jobly/models/companies.js","statementMap":{"0":{"start":{"line":1,"column":11},"end":{"line":1,"column":27}},"1":{"start":{"line":2,"column":21},"end":{"line":2,"column":55}},"2":{"start":{"line":3,"column":28},"end":{"line":3,"column":63}},"3":{"start":{"line":8,"column":57},"end":{"line":8,"column":62}},"4":{"start":{"line":9,"column":24},"end":{"line":9,"column":60}},"5":{"start":{"line":10,"column":33},"end":{"line":10,"column":35}},"6":{"start":{"line":11,"column":28},"end":{"line":11,"column":30}},"7":{"start":{"line":12,"column":8},"end":{"line":15,"column":11}},"8":{"start":{"line":13,"column":30},"end":{"line":13,"column":71}},"9":{"start":{"line":14,"column":12},"end":{"line":14,"column":34}},"10":{"start":{"line":16,"column":8},"end":{"line":18,"column":9}},"11":{"start":{"line":17,"column":12},"end":{"line":17,"column":89}},"12":{"start":{"line":19,"column":8},"end":{"line":22,"column":9}},"13":{"start":{"line":20,"column":12},"end":{"line":20,"column":45}},"14":{"start":{"line":21,"column":12},"end":{"line":21,"column":77}},"15":{"start":{"line":23,"column":8},"end":{"line":26,"column":9}},"16":{"start":{"line":24,"column":12},"end":{"line":24,"column":45}},"17":{"start":{"line":25,"column":12},"end":{"line":25,"column":77}},"18":{"start":{"line":27,"column":8},"end":{"line":30,"column":9}},"19":{"start":{"line":28,"column":12},"end":{"line":28,"column":44}},"20":{"start":{"line":29,"column":12},"end":{"line":29,"column":70}},"21":{"start":{"line":31,"column":8},"end":{"line":33,"column":9}},"22":{"start":{"line":32,"column":12},"end":{"line":32,"column":35}},"23":{"start":{"line":34,"column":27},"end":{"line":34,"column":88}},"24":{"start":{"line":35,"column":8},"end":{"line":35,"column":32}},"25":{"start":{"line":36,"column":24},"end":{"line":36,"column":63}},"26":{"start":{"line":37,"column":8},"end":{"line":37,"column":27}},"27":{"start":{"line":41,"column":33},"end":{"line":41,"column":107}},"28":{"start":{"line":42,"column":8},"end":{"line":44,"column":9}},"29":{"start":{"line":43,"column":12},"end":{"line":43,"column":87}},"30":{"start":{"line":45,"column":24},"end":{"line":48,"column":118}},"31":{"start":{"line":49,"column":8},"end":{"line":49,"column":28}},"32":{"start":{"line":53,"column":24},"end":{"line":53,"column":93}},"33":{"start":{"line":54,"column":24},"end":{"line":54,"column":39}},"34":{"start":{"line":55,"column":8},"end":{"line":55,"column":88}},"35":{"start":{"line":55,"column":22},"end":{"line":55,"column":88}},"36":{"start":{"line":56,"column":21},"end":{"line":61,"column":11}},"37":{"start":{"line":62,"column":10},"end":{"line":62,"column":35}},"38":{"start":{"line":63,"column":8},"end":{"line":63,"column":23}},"39":{"start":{"line":67,"column":32},"end":{"line":72,"column":9}},"40":{"start":{"line":73,"column":23},"end":{"line":73,"column":52}},"41":{"start":{"line":74,"column":24},"end":{"line":74,"column":38}},"42":{"start":{"line":75,"column":8},"end":{"line":77,"column":9}},"43":{"start":{"line":76,"column":10},"end":{"line":76,"column":76}},"44":{"start":{"line":78,"column":8},"end":{"line":78,"column":23}},"45":{"start":{"line":82,"column":30},"end":{"line":82,"column":109}},"46":{"start":{"line":83,"column":8},"end":{"line":85,"column":9}},"47":{"start":{"line":84,"column":12},"end":{"line":84,"column":87}},"48":{"start":{"line":90,"column":0},"end":{"line":90,"column":25}}},"fnMap":{"0":{"name":"(anonymous_0)","decl":{"start":{"line":7,"column":4},"end":{"line":7,"column":5}},"loc":{"start":{"line":7,"column":40},"end":{"line":38,"column":5}},"line":7},"1":{"name":"(anonymous_1)","decl":{"start":{"line":40,"column":4},"end":{"line":40,"column":5}},"loc":{"start":{"line":40,"column":33},"end":{"line":50,"column":5}},"line":40},"2":{"name":"(anonymous_2)","decl":{"start":{"line":52,"column":4},"end":{"line":52,"column":5}},"loc":{"start":{"line":52,"column":35},"end":{"line":64,"column":5}},"line":52},"3":{"name":"(anonymous_3)","decl":{"start":{"line":66,"column":4},"end":{"line":66,"column":5}},"loc":{"start":{"line":66,"column":38},"end":{"line":79,"column":5}},"line":66},"4":{"name":"(anonymous_4)","decl":{"start":{"line":81,"column":4},"end":{"line":81,"column":5}},"loc":{"start":{"line":81,"column":31},"end":{"line":86,"column":5}},"line":81}},"branchMap":{"0":{"loc":{"start":{"line":12,"column":8},"end":{"line":15,"column":11}},"type":"if","locations":[{"start":{"line":12,"column":8},"end":{"line":15,"column":11}},{"start":{"line":12,"column":8},"end":{"line":15,"column":11}}],"line":12},"1":{"loc":{"start":{"line":12,"column":12},"end":{"line":12,"column":55}},"type":"binary-expr","locations":[{"start":{"line":12,"column":12},"end":{"line":12,"column":19}},{"start":{"line":12,"column":23},"end":{"line":12,"column":37}},{"start":{"line":12,"column":41},"end":{"line":12,"column":55}}],"line":12},"2":{"loc":{"start":{"line":16,"column":8},"end":{"line":18,"column":9}},"type":"if","locations":[{"start":{"line":16,"column":8},"end":{"line":18,"column":9}},{"start":{"line":16,"column":8},"end":{"line":18,"column":9}}],"line":16},"3":{"loc":{"start":{"line":19,"column":8},"end":{"line":22,"column":9}},"type":"if","locations":[{"start":{"line":19,"column":8},"end":{"line":22,"column":9}},{"start":{"line":19,"column":8},"end":{"line":22,"column":9}}],"line":19},"4":{"loc":{"start":{"line":23,"column":8},"end":{"line":26,"column":9}},"type":"if","locations":[{"start":{"line":23,"column":8},"end":{"line":26,"column":9}},{"start":{"line":23,"column":8},"end":{"line":26,"column":9}}],"line":23},"5":{"loc":{"start":{"line":27,"column":8},"end":{"line":30,"column":9}},"type":"if","locations":[{"start":{"line":27,"column":8},"end":{"line":30,"column":9}},{"start":{"line":27,"column":8},"end":{"line":30,"column":9}}],"line":27},"6":{"loc":{"start":{"line":31,"column":8},"end":{"line":33,"column":9}},"type":"if","locations":[{"start":{"line":31,"column":8},"end":{"line":33,"column":9}},{"start":{"line":31,"column":8},"end":{"line":33,"column":9}}],"line":31},"7":{"loc":{"start":{"line":42,"column":8},"end":{"line":44,"column":9}},"type":"if","locations":[{"start":{"line":42,"column":8},"end":{"line":44,"column":9}},{"start":{"line":42,"column":8},"end":{"line":44,"column":9}}],"line":42},"8":{"loc":{"start":{"line":55,"column":8},"end":{"line":55,"column":88}},"type":"if","locations":[{"start":{"line":55,"column":8},"end":{"line":55,"column":88}},{"start":{"line":55,"column":8},"end":{"line":55,"column":88}}],"line":55},"9":{"loc":{"start":{"line":75,"column":8},"end":{"line":77,"column":9}},"type":"if","locations":[{"start":{"line":75,"column":8},"end":{"line":77,"column":9}},{"start":{"line":75,"column":8},"end":{"line":77,"column":9}}],"line":75},"10":{"loc":{"start":{"line":83,"column":8},"end":{"line":85,"column":9}},"type":"if","locations":[{"start":{"line":83,"column":8},"end":{"line":85,"column":9}},{"start":{"line":83,"column":8},"end":{"line":85,"column":9}}],"line":83}},"s":{"0":3,"1":3,"2":3,"3":4,"4":4,"5":4,"6":4,"7":4,"8":1,"9":1,"10":3,"11":0,"12":3,"13":1,"14":1,"15":3,"16":1,"17":1,"18":3,"19":3,"20":3,"21":3,"22":3,"23":3,"24":3,"25":3,"26":3,"27":2,"28":2,"29":1,"30":1,"31":1,"32":2,"33":2,"34":2,"35":1,"36":1,"37":1,"38":1,"39":2,"40":2,"41":2,"42":2,"43":1,"44":1,"45":2,"46":2,"47":1,"48":3},"f":{"0":4,"1":2,"2":2,"3":2,"4":2},"b":{"0":[1,3],"1":[4,1,1],"2":[0,3],"3":[1,2],"4":[1,2],"5":[3,0],"6":[3,0],"7":[1,1],"8":[1,1],"9":[1,1],"10":[1,1]},"_coverageSchema":"1a1c01bbd47fc00a2c39e90264f33305004495a9","hash":"f9039c555b049973a0eb468f62d778a5862a7cdf"}
,"/Users/louieg3/Documents/Web_development/Springboard/Section_37/Jobly/models/jobs.js": {"path":"/Users/louieg3/Documents/Web_development/Springboard/Section_37/Jobly/models/jobs.js","statementMap":{"0":{"start":{"line":1,"column":11},"end":{"line":1,"column":27}},"1":{"start":{"line":2,"column":21},"end":{"line":2,"column":55}},"2":{"start":{"line":3,"column":28},"end":{"line":3,"column":63}},"3":{"start":{"line":8,"column":23},"end":{"line":13,"column":9}},"4":{"start":{"line":14,"column":8},"end":{"line":14,"column":30}},"5":{"start":{"line":18,"column":51},"end":{"line":18,"column":55}},"6":{"start":{"line":19,"column":24},"end":{"line":19,"column":68}},"7":{"start":{"line":20,"column":28},"end":{"line":20,"column":30}},"8":{"start":{"line":21,"column":33},"end":{"line":21,"column":35}},"9":{"start":{"line":22,"column":8},"end":{"line":25,"column":9}},"10":{"start":{"line":23,"column":12},"end":{"line":23,"column":44}},"11":{"start":{"line":24,"column":12},"end":{"line":24,"column":71}},"12":{"start":{"line":26,"column":8},"end":{"line":29,"column":9}},"13":{"start":{"line":27,"column":10},"end":{"line":27,"column":40}},"14":{"start":{"line":28,"column":10},"end":{"line":28,"column":67}},"15":{"start":{"line":30,"column":8},"end":{"line":33,"column":9}},"16":{"start":{"line":31,"column":10},"end":{"line":31,"column":40}},"17":{"start":{"line":32,"column":10},"end":{"line":32,"column":67}},"18":{"start":{"line":34,"column":8},"end":{"line":36,"column":9}},"19":{"start":{"line":35,"column":12},"end":{"line":35,"column":35}},"20":{"start":{"line":37,"column":27},"end":{"line":37,"column":86}},"21":{"start":{"line":38,"column":21},"end":{"line":38,"column":60}},"22":{"start":{"line":39,"column":8},"end":{"line":39,"column":25}},"23":{"start":{"line":43,"column":23},"end":{"line":48,"column":9}},"24":{"start":{"line":49,"column":20},"end":{"line":49,"column":34}},"25":{"start":{"line":50,"column":8},"end":{"line":52,"column":9}},"26":{"start":{"line":51,"column":10},"end":{"line":51,"column":84}},"27":{"start":{"line":53,"column":29},"end":{"line":58,"column":9}},"28":{"start":{"line":59,"column":8},"end":{"line":59,"column":43}},"29":{"start":{"line":60,"column":8},"end":{"line":60,"column":19}},"30":{"start":{"line":64,"column":32},"end":{"line":64,"column":75}},"31":{"start":{"line":65,"column":23},"end":{"line":65,"column":52}},"32":{"start":{"line":66,"column":20},"end":{"line":66,"column":34}},"33":{"start":{"line":67,"column":8},"end":{"line":69,"column":9}},"34":{"start":{"line":68,"column":10},"end":{"line":68,"column":84}},"35":{"start":{"line":70,"column":8},"end":{"line":70,"column":19}},"36":{"start":{"line":74,"column":23},"end":{"line":79,"column":9}},"37":{"start":{"line":80,"column":8},"end":{"line":82,"column":9}},"38":{"start":{"line":81,"column":12},"end":{"line":81,"column":70}},"39":{"start":{"line":87,"column":0},"end":{"line":87,"column":21}}},"fnMap":{"0":{"name":"(anonymous_0)","decl":{"start":{"line":7,"column":4},"end":{"line":7,"column":5}},"loc":{"start":{"line":7,"column":30},"end":{"line":15,"column":7}},"line":7},"1":{"name":"(anonymous_1)","decl":{"start":{"line":17,"column":4},"end":{"line":17,"column":5}},"loc":{"start":{"line":17,"column":31},"end":{"line":40,"column":5}},"line":17},"2":{"name":"(anonymous_2)","decl":{"start":{"line":42,"column":4},"end":{"line":42,"column":5}},"loc":{"start":{"line":42,"column":29},"end":{"line":61,"column":5}},"line":42},"3":{"name":"(anonymous_3)","decl":{"start":{"line":63,"column":4},"end":{"line":63,"column":5}},"loc":{"start":{"line":63,"column":34},"end":{"line":71,"column":5}},"line":63},"4":{"name":"(anonymous_4)","decl":{"start":{"line":73,"column":4},"end":{"line":73,"column":5}},"loc":{"start":{"line":73,"column":28},"end":{"line":83,"column":5}},"line":73}},"branchMap":{"0":{"loc":{"start":{"line":22,"column":8},"end":{"line":25,"column":9}},"type":"if","locations":[{"start":{"line":22,"column":8},"end":{"line":25,"column":9}},{"start":{"line":22,"column":8},"end":{"line":25,"column":9}}],"line":22},"1":{"loc":{"start":{"line":26,"column":8},"end":{"line":29,"column":9}},"type":"if","locations":[{"start":{"line":26,"column":8},"end":{"line":29,"column":9}},{"start":{"line":26,"column":8},"end":{"line":29,"column":9}}],"line":26},"2":{"loc":{"start":{"line":30,"column":8},"end":{"line":33,"column":9}},"type":"if","locations":[{"start":{"line":30,"column":8},"end":{"line":33,"column":9}},{"start":{"line":30,"column":8},"end":{"line":33,"column":9}}],"line":30},"3":{"loc":{"start":{"line":34,"column":8},"end":{"line":36,"column":9}},"type":"if","locations":[{"start":{"line":34,"column":8},"end":{"line":36,"column":9}},{"start":{"line":34,"column":8},"end":{"line":36,"column":9}}],"line":34},"4":{"loc":{"start":{"line":50,"column":8},"end":{"line":52,"column":9}},"type":"if","locations":[{"start":{"line":50,"column":8},"end":{"line":52,"column":9}},{"start":{"line":50,"column":8},"end":{"line":52,"column":9}}],"line":50},"5":{"loc":{"start":{"line":67,"column":8},"end":{"line":69,"column":9}},"type":"if","locations":[{"start":{"line":67,"column":8},"end":{"line":69,"column":9}},{"start":{"line":67,"column":8},"end":{"line":69,"column":9}}],"line":67},"6":{"loc":{"start":{"line":80,"column":8},"end":{"line":82,"column":9}},"type":"if","locations":[{"start":{"line":80,"column":8},"end":{"line":82,"column":9}},{"start":{"line":80,"column":8},"end":{"line":82,"column":9}}],"line":80}},"s":{"0":3,"1":3,"2":3,"3":1,"4":1,"5":4,"6":4,"7":4,"8":4,"9":4,"10":1,"11":1,"12":4,"13":1,"14":1,"15":4,"16":1,"17":1,"18":4,"19":3,"20":4,"21":4,"22":4,"23":2,"24":2,"25":2,"26":1,"27":1,"28":1,"29":1,"30":0,"31":0,"32":0,"33":0,"34":0,"35":0,"36":1,"37":1,"38":0,"39":3},"f":{"0":1,"1":4,"2":2,"3":0,"4":1},"b":{"0":[1,3],"1":[1,3],"2":[1,3],"3":[3,1],"4":[1,1],"5":[0,0],"6":[0,1]},"_coverageSchema":"1a1c01bbd47fc00a2c39e90264f33305004495a9","hash":"73bc3a33a3c255ff100854b54e4a9a01bdf9dbd6"}
,"/Users/louieg3/Documents/Web_development/Springboard/Section_37/Jobly/models/users.js": {"path":"/Users/louieg3/Documents/Web_development/Springboard/Section_37/Jobly/models/users.js","statementMap":{"0":{"start":{"line":1,"column":11},"end":{"line":1,"column":27}},"1":{"start":{"line":2,"column":15},"end":{"line":2,"column":32}},"2":{"start":{"line":3,"column":22},"end":{"line":3,"column":57}},"3":{"start":{"line":4,"column":21},"end":{"line":4,"column":55}},"4":{"start":{"line":5,"column":27},"end":{"line":5,"column":29}},"5":{"start":{"line":10,"column":23},"end":{"line":21,"column":9}},"6":{"start":{"line":22,"column":21},"end":{"line":22,"column":35}},"7":{"start":{"line":23,"column":8},"end":{"line":28,"column":9}},"8":{"start":{"line":24,"column":24},"end":{"line":24,"column":74}},"9":{"start":{"line":25,"column":8},"end":{"line":27,"column":9}},"10":{"start":{"line":26,"column":12},"end":{"line":26,"column":24}},"11":{"start":{"line":29,"column":8},"end":{"line":29,"column":52}},"12":{"start":{"line":33,"column":31},"end":{"line":38,"column":9}},"13":{"start":{"line":39,"column":8},"end":{"line":44,"column":9}},"14":{"start":{"line":40,"column":8},"end":{"line":43,"column":10}},"15":{"start":{"line":45,"column":31},"end":{"line":45,"column":83}},"16":{"start":{"line":46,"column":23},"end":{"line":59,"column":9}},"17":{"start":{"line":60,"column":8},"end":{"line":60,"column":30}},"18":{"start":{"line":64,"column":23},"end":{"line":68,"column":9}},"19":{"start":{"line":69,"column":8},"end":{"line":69,"column":27}},"20":{"start":{"line":73,"column":24},"end":{"line":78,"column":9}},"21":{"start":{"line":79,"column":21},"end":{"line":79,"column":36}},"22":{"start":{"line":80,"column":8},"end":{"line":82,"column":9}},"23":{"start":{"line":81,"column":8},"end":{"line":81,"column":74}},"24":{"start":{"line":83,"column":28},"end":{"line":89,"column":9}},"25":{"start":{"line":90,"column":8},"end":{"line":90,"column":37}},"26":{"start":{"line":91,"column":8},"end":{"line":91,"column":20}},"27":{"start":{"line":95,"column":8},"end":{"line":97,"column":9}},"28":{"start":{"line":96,"column":8},"end":{"line":96,"column":77}},"29":{"start":{"line":98,"column":32},"end":{"line":98,"column":82}},"30":{"start":{"line":99,"column":23},"end":{"line":99,"column":52}},"31":{"start":{"line":100,"column":21},"end":{"line":100,"column":35}},"32":{"start":{"line":101,"column":8},"end":{"line":103,"column":9}},"33":{"start":{"line":102,"column":12},"end":{"line":102,"column":78}},"34":{"start":{"line":104,"column":8},"end":{"line":104,"column":30}},"35":{"start":{"line":108,"column":21},"end":{"line":113,"column":9}},"36":{"start":{"line":114,"column":8},"end":{"line":116,"column":9}},"37":{"start":{"line":115,"column":8},"end":{"line":115,"column":74}},"38":{"start":{"line":121,"column":0},"end":{"line":121,"column":22}}},"fnMap":{"0":{"name":"(anonymous_0)","decl":{"start":{"line":9,"column":4},"end":{"line":9,"column":5}},"loc":{"start":{"line":9,"column":36},"end":{"line":30,"column":5}},"line":9},"1":{"name":"(anonymous_1)","decl":{"start":{"line":32,"column":4},"end":{"line":32,"column":5}},"loc":{"start":{"line":32,"column":32},"end":{"line":61,"column":5}},"line":32},"2":{"name":"(anonymous_2)","decl":{"start":{"line":63,"column":4},"end":{"line":63,"column":5}},"loc":{"start":{"line":63,"column":27},"end":{"line":70,"column":5}},"line":63},"3":{"name":"(anonymous_3)","decl":{"start":{"line":72,"column":4},"end":{"line":72,"column":5}},"loc":{"start":{"line":72,"column":35},"end":{"line":92,"column":5}},"line":72},"4":{"name":"(anonymous_4)","decl":{"start":{"line":94,"column":4},"end":{"line":94,"column":5}},"loc":{"start":{"line":94,"column":40},"end":{"line":105,"column":5}},"line":94},"5":{"name":"(anonymous_5)","decl":{"start":{"line":107,"column":4},"end":{"line":107,"column":5}},"loc":{"start":{"line":107,"column":34},"end":{"line":117,"column":5}},"line":107}},"branchMap":{"0":{"loc":{"start":{"line":23,"column":8},"end":{"line":28,"column":9}},"type":"if","locations":[{"start":{"line":23,"column":8},"end":{"line":28,"column":9}},{"start":{"line":23,"column":8},"end":{"line":28,"column":9}}],"line":23},"1":{"loc":{"start":{"line":25,"column":8},"end":{"line":27,"column":9}},"type":"if","locations":[{"start":{"line":25,"column":8},"end":{"line":27,"column":9}},{"start":{"line":25,"column":8},"end":{"line":27,"column":9}}],"line":25},"2":{"loc":{"start":{"line":39,"column":8},"end":{"line":44,"column":9}},"type":"if","locations":[{"start":{"line":39,"column":8},"end":{"line":44,"column":9}},{"start":{"line":39,"column":8},"end":{"line":44,"column":9}}],"line":39},"3":{"loc":{"start":{"line":80,"column":8},"end":{"line":82,"column":9}},"type":"if","locations":[{"start":{"line":80,"column":8},"end":{"line":82,"column":9}},{"start":{"line":80,"column":8},"end":{"line":82,"column":9}}],"line":80},"4":{"loc":{"start":{"line":95,"column":8},"end":{"line":97,"column":9}},"type":"if","locations":[{"start":{"line":95,"column":8},"end":{"line":97,"column":9}},{"start":{"line":95,"column":8},"end":{"line":97,"column":9}}],"line":95},"5":{"loc":{"start":{"line":101,"column":8},"end":{"line":103,"column":9}},"type":"if","locations":[{"start":{"line":101,"column":8},"end":{"line":103,"column":9}},{"start":{"line":101,"column":8},"end":{"line":103,"column":9}}],"line":101},"6":{"loc":{"start":{"line":114,"column":8},"end":{"line":116,"column":9}},"type":"if","locations":[{"start":{"line":114,"column":8},"end":{"line":116,"column":9}},{"start":{"line":114,"column":8},"end":{"line":116,"column":9}}],"line":114}},"s":{"0":3,"1":3,"2":3,"3":3,"4":3,"5":19,"6":19,"7":19,"8":19,"9":19,"10":19,"11":0,"12":0,"13":0,"14":0,"15":0,"16":0,"17":0,"18":0,"19":0,"20":0,"21":0,"22":0,"23":0,"24":0,"25":0,"26":0,"27":0,"28":0,"29":0,"30":0,"31":0,"32":0,"33":0,"34":0,"35":0,"36":0,"37":0,"38":3},"f":{"0":19,"1":0,"2":0,"3":0,"4":0,"5":0},"b":{"0":[19,0],"1":[19,0],"2":[0,0],"3":[0,0],"4":[0,0],"5":[0,0],"6":[0,0]},"_coverageSchema":"1a1c01bbd47fc00a2c39e90264f33305004495a9","hash":"31902fe584265902a9ea657b220bb4efdea82756"}
,"/Users/louieg3/Documents/Web_development/Springboard/Section_37/Jobly/routes/auth.js": {"path":"/Users/louieg3/Documents/Web_development/Springboard/Section_37/Jobly/routes/auth.js","statementMap":{"0":{"start":{"line":1,"column":13},"end":{"line":1,"column":39}},"1":{"start":{"line":2,"column":16},"end":{"line":2,"column":34}},"2":{"start":{"line":3,"column":15},"end":{"line":3,"column":35}},"3":{"start":{"line":4,"column":20},"end":{"line":4,"column":53}},"4":{"start":{"line":6,"column":0},"end":{"line":14,"column":3}},"5":{"start":{"line":7,"column":4},"end":{"line":13,"column":5}},"6":{"start":{"line":8,"column":21},"end":{"line":8,"column":54}},"7":{"start":{"line":9,"column":22},"end":{"line":9,"column":39}},"8":{"start":{"line":10,"column":8},"end":{"line":10,"column":35}},"9":{"start":{"line":12,"column":8},"end":{"line":12,"column":25}},"10":{"start":{"line":16,"column":0},"end":{"line":16,"column":24}}},"fnMap":{"0":{"name":"(anonymous_0)","decl":{"start":{"line":6,"column":22},"end":{"line":6,"column":23}},"loc":{"start":{"line":6,"column":53},"end":{"line":14,"column":1}},"line":6}},"branchMap":{},"s":{"0":3,"1":3,"2":3,"3":3,"4":3,"5":19,"6":19,"7":19,"8":19,"9":0,"10":3},"f":{"0":19},"b":{},"_coverageSchema":"1a1c01bbd47fc00a2c39e90264f33305004495a9","hash":"e95e88a90779afa8d3f60dfcb8033653251f7153"}
,"/Users/louieg3/Documents/Web_development/Springboard/Section_37/Jobly/routes/companies.js": {"path":"/Users/louieg3/Documents/Web_development/Springboard/Section_37/Jobly/routes/companies.js","statementMap":{"0":{"start":{"line":1,"column":16},"end":{"line":1,"column":34}},"1":{"start":{"line":2,"column":15},"end":{"line":2,"column":35}},"2":{"start":{"line":3,"column":21},"end":{"line":3,"column":55}},"3":{"start":{"line":4,"column":16},"end":{"line":4,"column":46}},"4":{"start":{"line":5,"column":19},"end":{"line":5,"column":40}},"5":{"start":{"line":6,"column":22},"end":{"line":6,"column":62}},"6":{"start":{"line":7,"column":28},"end":{"line":7,"column":74}},"7":{"start":{"line":9,"column":0},"end":{"line":16,"column":3}},"8":{"start":{"line":10,"column":4},"end":{"line":15,"column":5}},"9":{"start":{"line":11,"column":8},"end":{"line":11,"column":61}},"10":{"start":{"line":12,"column":8},"end":{"line":12,"column":39}},"11":{"start":{"line":14,"column":8},"end":{"line":14,"column":16}},"12":{"start":{"line":18,"column":0},"end":{"line":31,"column":3}},"13":{"start":{"line":19,"column":4},"end":{"line":30,"column":5}},"14":{"start":{"line":20,"column":23},"end":{"line":20,"column":67}},"15":{"start":{"line":21,"column":8},"end":{"line":25,"column":9}},"16":{"start":{"line":22,"column":33},"end":{"line":22,"column":64}},"17":{"start":{"line":22,"column":56},"end":{"line":22,"column":63}},"18":{"start":{"line":23,"column":26},"end":{"line":23,"column":61}},"19":{"start":{"line":24,"column":12},"end":{"line":24,"column":31}},"20":{"start":{"line":26,"column":24},"end":{"line":26,"column":66}},"21":{"start":{"line":27,"column":8},"end":{"line":27,"column":49}},"22":{"start":{"line":29,"column":8},"end":{"line":29,"column":16}},"23":{"start":{"line":33,"column":0},"end":{"line":40,"column":3}},"24":{"start":{"line":34,"column":4},"end":{"line":39,"column":5}},"25":{"start":{"line":35,"column":24},"end":{"line":35,"column":67}},"26":{"start":{"line":36,"column":8},"end":{"line":36,"column":36}},"27":{"start":{"line":38,"column":8},"end":{"line":38,"column":23}},"28":{"start":{"line":42,"column":0},"end":{"line":58,"column":3}},"29":{"start":{"line":43,"column":4},"end":{"line":57,"column":5}},"30":{"start":{"line":44,"column":8},"end":{"line":46,"column":9}},"31":{"start":{"line":45,"column":12},"end":{"line":45,"column":85}},"32":{"start":{"line":47,"column":23},"end":{"line":47,"column":73}},"33":{"start":{"line":48,"column":8},"end":{"line":52,"column":9}},"34":{"start":{"line":49,"column":33},"end":{"line":49,"column":64}},"35":{"start":{"line":49,"column":56},"end":{"line":49,"column":63}},"36":{"start":{"line":50,"column":26},"end":{"line":50,"column":61}},"37":{"start":{"line":51,"column":12},"end":{"line":51,"column":31}},"38":{"start":{"line":53,"column":24},"end":{"line":53,"column":73}},"39":{"start":{"line":54,"column":8},"end":{"line":54,"column":36}},"40":{"start":{"line":56,"column":8},"end":{"line":56,"column":23}},"41":{"start":{"line":60,"column":0},"end":{"line":67,"column":3}},"42":{"start":{"line":61,"column":4},"end":{"line":66,"column":5}},"43":{"start":{"line":62,"column":8},"end":{"line":62,"column":48}},"44":{"start":{"line":63,"column":8},"end":{"line":63,"column":56}},"45":{"start":{"line":65,"column":8},"end":{"line":65,"column":23}},"46":{"start":{"line":69,"column":0},"end":{"line":69,"column":24}}},"fnMap":{"0":{"name":"(anonymous_0)","decl":{"start":{"line":9,"column":16},"end":{"line":9,"column":17}},"loc":{"start":{"line":9,"column":42},"end":{"line":16,"column":1}},"line":9},"1":{"name":"(anonymous_1)","decl":{"start":{"line":18,"column":17},"end":{"line":18,"column":18}},"loc":{"start":{"line":18,"column":43},"end":{"line":31,"column":1}},"line":18},"2":{"name":"(anonymous_2)","decl":{"start":{"line":22,"column":51},"end":{"line":22,"column":52}},"loc":{"start":{"line":22,"column":56},"end":{"line":22,"column":63}},"line":22},"3":{"name":"(anonymous_3)","decl":{"start":{"line":33,"column":23},"end":{"line":33,"column":24}},"loc":{"start":{"line":33,"column":49},"end":{"line":40,"column":1}},"line":33},"4":{"name":"(anonymous_4)","decl":{"start":{"line":42,"column":25},"end":{"line":42,"column":26}},"loc":{"start":{"line":42,"column":51},"end":{"line":58,"column":1}},"line":42},"5":{"name":"(anonymous_5)","decl":{"start":{"line":49,"column":51},"end":{"line":49,"column":52}},"loc":{"start":{"line":49,"column":56},"end":{"line":49,"column":63}},"line":49},"6":{"name":"(anonymous_6)","decl":{"start":{"line":60,"column":26},"end":{"line":60,"column":27}},"loc":{"start":{"line":60,"column":52},"end":{"line":67,"column":1}},"line":60}},"branchMap":{"0":{"loc":{"start":{"line":21,"column":8},"end":{"line":25,"column":9}},"type":"if","locations":[{"start":{"line":21,"column":8},"end":{"line":25,"column":9}},{"start":{"line":21,"column":8},"end":{"line":25,"column":9}}],"line":21},"1":{"loc":{"start":{"line":44,"column":8},"end":{"line":46,"column":9}},"type":"if","locations":[{"start":{"line":44,"column":8},"end":{"line":46,"column":9}},{"start":{"line":44,"column":8},"end":{"line":46,"column":9}}],"line":44},"2":{"loc":{"start":{"line":48,"column":8},"end":{"line":52,"column":9}},"type":"if","locations":[{"start":{"line":48,"column":8},"end":{"line":52,"column":9}},{"start":{"line":48,"column":8},"end":{"line":52,"column":9}}],"line":48}},"s":{"0":3,"1":3,"2":3,"3":3,"4":3,"5":3,"6":3,"7":3,"8":4,"9":4,"10":4,"11":0,"12":3,"13":2,"14":2,"15":2,"16":0,"17":0,"18":0,"19":0,"20":2,"21":1,"22":1,"23":3,"24":2,"25":2,"26":1,"27":1,"28":3,"29":2,"30":2,"31":0,"32":2,"33":2,"34":0,"35":0,"36":0,"37":0,"38":2,"39":1,"40":1,"41":3,"42":2,"43":2,"44":1,"45":1,"46":3},"f":{"0":4,"1":2,"2":0,"3":2,"4":2,"5":0,"6":2},"b":{"0":[0,2],"1":[0,2],"2":[0,2]},"_coverageSchema":"1a1c01bbd47fc00a2c39e90264f33305004495a9","hash":"eb453156d84d77657b9650de29011d491418c06f"}
,"/Users/louieg3/Documents/Web_development/Springboard/Section_37/Jobly/routes/jobs.js": {"path":"/Users/louieg3/Documents/Web_development/Springboard/Section_37/Jobly/routes/jobs.js","statementMap":{"0":{"start":{"line":1,"column":16},"end":{"line":1,"column":34}},"1":{"start":{"line":2,"column":15},"end":{"line":2,"column":35}},"2":{"start":{"line":3,"column":21},"end":{"line":3,"column":55}},"3":{"start":{"line":4,"column":12},"end":{"line":4,"column":37}},"4":{"start":{"line":5,"column":19},"end":{"line":5,"column":40}},"5":{"start":{"line":6,"column":18},"end":{"line":6,"column":54}},"6":{"start":{"line":7,"column":24},"end":{"line":7,"column":66}},"7":{"start":{"line":8,"column":18},"end":{"line":8,"column":35}},"8":{"start":{"line":10,"column":0},"end":{"line":22,"column":3}},"9":{"start":{"line":11,"column":4},"end":{"line":21,"column":5}},"10":{"start":{"line":12,"column":24},"end":{"line":12,"column":64}},"11":{"start":{"line":13,"column":8},"end":{"line":16,"column":9}},"12":{"start":{"line":14,"column":33},"end":{"line":14,"column":65}},"13":{"start":{"line":14,"column":57},"end":{"line":14,"column":64}},"14":{"start":{"line":15,"column":12},"end":{"line":15,"column":55}},"15":{"start":{"line":17,"column":23},"end":{"line":17,"column":49}},"16":{"start":{"line":18,"column":8},"end":{"line":18,"column":36}},"17":{"start":{"line":20,"column":8},"end":{"line":20,"column":16}},"18":{"start":{"line":24,"column":0},"end":{"line":31,"column":3}},"19":{"start":{"line":25,"column":4},"end":{"line":30,"column":5}},"20":{"start":{"line":26,"column":21},"end":{"line":26,"column":49}},"21":{"start":{"line":27,"column":8},"end":{"line":27,"column":34}},"22":{"start":{"line":29,"column":8},"end":{"line":29,"column":23}},"23":{"start":{"line":33,"column":0},"end":{"line":40,"column":3}},"24":{"start":{"line":34,"column":4},"end":{"line":39,"column":5}},"25":{"start":{"line":35,"column":20},"end":{"line":35,"column":52}},"26":{"start":{"line":36,"column":8},"end":{"line":36,"column":33}},"27":{"start":{"line":38,"column":8},"end":{"line":38,"column":16}},"28":{"start":{"line":42,"column":0},"end":{"line":58,"column":3}},"29":{"start":{"line":43,"column":4},"end":{"line":57,"column":5}},"30":{"start":{"line":44,"column":8},"end":{"line":46,"column":9}},"31":{"start":{"line":45,"column":12},"end":{"line":45,"column":79}},"32":{"start":{"line":47,"column":24},"end":{"line":47,"column":70}},"33":{"start":{"line":48,"column":8},"end":{"line":51,"column":9}},"34":{"start":{"line":49,"column":33},"end":{"line":49,"column":65}},"35":{"start":{"line":49,"column":57},"end":{"line":49,"column":64}},"36":{"start":{"line":50,"column":12},"end":{"line":50,"column":54}},"37":{"start":{"line":52,"column":20},"end":{"line":52,"column":61}},"38":{"start":{"line":53,"column":8},"end":{"line":53,"column":33}},"39":{"start":{"line":55,"column":8},"end":{"line":55,"column":23}},"40":{"start":{"line":56,"column":8},"end":{"line":56,"column":16}},"41":{"start":{"line":60,"column":0},"end":{"line":67,"column":5}},"42":{"start":{"line":61,"column":4},"end":{"line":66,"column":5}},"43":{"start":{"line":62,"column":6},"end":{"line":62,"column":38}},"44":{"start":{"line":63,"column":6},"end":{"line":63,"column":50}},"45":{"start":{"line":65,"column":6},"end":{"line":65,"column":23}},"46":{"start":{"line":69,"column":0},"end":{"line":69,"column":24}}},"fnMap":{"0":{"name":"(anonymous_0)","decl":{"start":{"line":10,"column":17},"end":{"line":10,"column":18}},"loc":{"start":{"line":10,"column":43},"end":{"line":22,"column":1}},"line":10},"1":{"name":"(anonymous_1)","decl":{"start":{"line":14,"column":52},"end":{"line":14,"column":53}},"loc":{"start":{"line":14,"column":57},"end":{"line":14,"column":64}},"line":14},"2":{"name":"(anonymous_2)","decl":{"start":{"line":24,"column":16},"end":{"line":24,"column":17}},"loc":{"start":{"line":24,"column":42},"end":{"line":31,"column":1}},"line":24},"3":{"name":"(anonymous_3)","decl":{"start":{"line":33,"column":19},"end":{"line":33,"column":20}},"loc":{"start":{"line":33,"column":45},"end":{"line":40,"column":1}},"line":33},"4":{"name":"(anonymous_4)","decl":{"start":{"line":42,"column":21},"end":{"line":42,"column":22}},"loc":{"start":{"line":42,"column":47},"end":{"line":58,"column":1}},"line":42},"5":{"name":"(anonymous_5)","decl":{"start":{"line":49,"column":52},"end":{"line":49,"column":53}},"loc":{"start":{"line":49,"column":57},"end":{"line":49,"column":64}},"line":49},"6":{"name":"(anonymous_6)","decl":{"start":{"line":60,"column":22},"end":{"line":60,"column":23}},"loc":{"start":{"line":60,"column":53},"end":{"line":67,"column":3}},"line":60}},"branchMap":{"0":{"loc":{"start":{"line":13,"column":8},"end":{"line":16,"column":9}},"type":"if","locations":[{"start":{"line":13,"column":8},"end":{"line":16,"column":9}},{"start":{"line":13,"column":8},"end":{"line":16,"column":9}}],"line":13},"1":{"loc":{"start":{"line":44,"column":8},"end":{"line":46,"column":9}},"type":"if","locations":[{"start":{"line":44,"column":8},"end":{"line":46,"column":9}},{"start":{"line":44,"column":8},"end":{"line":46,"column":9}}],"line":44},"2":{"loc":{"start":{"line":48,"column":8},"end":{"line":51,"column":9}},"type":"if","locations":[{"start":{"line":48,"column":8},"end":{"line":51,"column":9}},{"start":{"line":48,"column":8},"end":{"line":51,"column":9}}],"line":48}},"s":{"0":3,"1":3,"2":3,"3":3,"4":3,"5":3,"6":3,"7":3,"8":3,"9":1,"10":1,"11":1,"12":0,"13":0,"14":0,"15":1,"16":1,"17":0,"18":3,"19":4,"20":4,"21":4,"22":0,"23":3,"24":2,"25":2,"26":1,"27":1,"28":3,"29":0,"30":0,"31":0,"32":0,"33":0,"34":0,"35":0,"36":0,"37":0,"38":0,"39":0,"40":0,"41":3,"42":1,"43":1,"44":1,"45":0,"46":3},"f":{"0":1,"1":0,"2":4,"3":2,"4":0,"5":0,"6":1},"b":{"0":[0,1],"1":[0,0],"2":[0,0]},"_coverageSchema":"1a1c01bbd47fc00a2c39e90264f33305004495a9","hash":"a6f20bac6ddbf07b43eeb73ce44fdd9efae967cc"}
,"/Users/louieg3/Documents/Web_development/Springboard/Section_37/Jobly/routes/users.js": {"path":"/Users/louieg3/Documents/Web_development/Springboard/Section_37/Jobly/routes/users.js","statementMap":{"0":{"start":{"line":1,"column":16},"end":{"line":1,"column":34}},"1":{"start":{"line":2,"column":21},"end":{"line":2,"column":55}},"2":{"start":{"line":3,"column":44},"end":{"line":3,"column":73}},"3":{"start":{"line":4,"column":13},"end":{"line":4,"column":39}},"4":{"start":{"line":5,"column":21},"end":{"line":5,"column":42}},"5":{"start":{"line":6,"column":22},"end":{"line":6,"column":62}},"6":{"start":{"line":7,"column":25},"end":{"line":7,"column":68}},"7":{"start":{"line":8,"column":20},"end":{"line":8,"column":53}},"8":{"start":{"line":9,"column":15},"end":{"line":9,"column":31}},"9":{"start":{"line":11,"column":0},"end":{"line":18,"column":3}},"10":{"start":{"line":12,"column":4},"end":{"line":17,"column":5}},"11":{"start":{"line":13,"column":22},"end":{"line":13,"column":42}},"12":{"start":{"line":14,"column":8},"end":{"line":14,"column":35}},"13":{"start":{"line":16,"column":8},"end":{"line":16,"column":25}},"14":{"start":{"line":20,"column":0},"end":{"line":27,"column":3}},"15":{"start":{"line":21,"column":4},"end":{"line":26,"column":5}},"16":{"start":{"line":22,"column":21},"end":{"line":22,"column":60}},"17":{"start":{"line":23,"column":8},"end":{"line":23,"column":34}},"18":{"start":{"line":25,"column":8},"end":{"line":25,"column":25}},"19":{"start":{"line":29,"column":0},"end":{"line":41,"column":3}},"20":{"start":{"line":30,"column":4},"end":{"line":40,"column":5}},"21":{"start":{"line":31,"column":27},"end":{"line":31,"column":60}},"22":{"start":{"line":32,"column":8},"end":{"line":34,"column":9}},"23":{"start":{"line":33,"column":8},"end":{"line":33,"column":73}},"24":{"start":{"line":33,"column":58},"end":{"line":33,"column":65}},"25":{"start":{"line":35,"column":24},"end":{"line":35,"column":53}},"26":{"start":{"line":36,"column":22},"end":{"line":36,"column":42}},"27":{"start":{"line":37,"column":8},"end":{"line":37,"column":47}},"28":{"start":{"line":39,"column":8},"end":{"line":39,"column":25}},"29":{"start":{"line":43,"column":0},"end":{"line":59,"column":3}},"30":{"start":{"line":44,"column":4},"end":{"line":58,"column":5}},"31":{"start":{"line":45,"column":8},"end":{"line":49,"column":9}},"32":{"start":{"line":46,"column":12},"end":{"line":48,"column":17}},"33":{"start":{"line":50,"column":27},"end":{"line":50,"column":63}},"34":{"start":{"line":51,"column":8},"end":{"line":53,"column":9}},"35":{"start":{"line":52,"column":8},"end":{"line":52,"column":73}},"36":{"start":{"line":52,"column":58},"end":{"line":52,"column":65}},"37":{"start":{"line":54,"column":21},"end":{"line":54,"column":69}},"38":{"start":{"line":55,"column":8},"end":{"line":55,"column":34}},"39":{"start":{"line":57,"column":8},"end":{"line":57,"column":25}},"40":{"start":{"line":61,"column":0},"end":{"line":68,"column":3}},"41":{"start":{"line":62,"column":4},"end":{"line":67,"column":5}},"42":{"start":{"line":63,"column":8},"end":{"line":63,"column":47}},"43":{"start":{"line":64,"column":8},"end":{"line":64,"column":53}},"44":{"start":{"line":66,"column":8},"end":{"line":66,"column":25}},"45":{"start":{"line":70,"column":0},"end":{"line":70,"column":24}}},"fnMap":{"0":{"name":"(anonymous_0)","decl":{"start":{"line":11,"column":30},"end":{"line":11,"column":31}},"loc":{"start":{"line":11,"column":61},"end":{"line":18,"column":1}},"line":11},"1":{"name":"(anonymous_1)","decl":{"start":{"line":20,"column":39},"end":{"line":20,"column":40}},"loc":{"start":{"line":20,"column":70},"end":{"line":27,"column":1}},"line":20},"2":{"name":"(anonymous_2)","decl":{"start":{"line":29,"column":17},"end":{"line":29,"column":18}},"loc":{"start":{"line":29,"column":48},"end":{"line":41,"column":1}},"line":29},"3":{"name":"(anonymous_3)","decl":{"start":{"line":33,"column":53},"end":{"line":33,"column":54}},"loc":{"start":{"line":33,"column":58},"end":{"line":33,"column":65}},"line":33},"4":{"name":"(anonymous_4)","decl":{"start":{"line":43,"column":46},"end":{"line":43,"column":47}},"loc":{"start":{"line":43,"column":77},"end":{"line":59,"column":1}},"line":43},"5":{"name":"(anonymous_5)","decl":{"start":{"line":52,"column":53},"end":{"line":52,"column":54}},"loc":{"start":{"line":52,"column":58},"end":{"line":52,"column":65}},"line":52},"6":{"name":"(anonymous_6)","decl":{"start":{"line":61,"column":47},"end":{"line":61,"column":48}},"loc":{"start":{"line":61,"column":78},"end":{"line":68,"column":1}},"line":61}},"branchMap":{"0":{"loc":{"start":{"line":32,"column":8},"end":{"line":34,"column":9}},"type":"if","locations":[{"start":{"line":32,"column":8},"end":{"line":34,"column":9}},{"start":{"line":32,"column":8},"end":{"line":34,"column":9}}],"line":32},"1":{"loc":{"start":{"line":45,"column":8},"end":{"line":49,"column":9}},"type":"if","locations":[{"start":{"line":45,"column":8},"end":{"line":49,"column":9}},{"start":{"line":45,"column":8},"end":{"line":49,"column":9}}],"line":45},"2":{"loc":{"start":{"line":45,"column":12},"end":{"line":45,"column":60}},"type":"binary-expr","locations":[{"start":{"line":45,"column":12},"end":{"line":45,"column":34}},{"start":{"line":45,"column":38},"end":{"line":45,"column":60}}],"line":45},"3":{"loc":{"start":{"line":51,"column":8},"end":{"line":53,"column":9}},"type":"if","locations":[{"start":{"line":51,"column":8},"end":{"line":53,"column":9}},{"start":{"line":51,"column":8},"end":{"line":53,"column":9}}],"line":51}},"s":{"0":3,"1":3,"2":3,"3":3,"4":3,"5":3,"6":3,"7":3,"8":3,"9":3,"10":0,"11":0,"12":0,"13":0,"14":3,"15":0,"16":0,"17":0,"18":0,"19":3,"20":0,"21":0,"22":0,"23":0,"24":0,"25":0,"26":0,"27":0,"28":0,"29":3,"30":0,"31":0,"32":0,"33":0,"34":0,"35":0,"36":0,"37":0,"38":0,"39":0,"40":3,"41":0,"42":0,"43":0,"44":0,"45":3},"f":{"0":0,"1":0,"2":0,"3":0,"4":0,"5":0,"6":0},"b":{"0":[0,0],"1":[0,0],"2":[0,0],"3":[0,0]},"_coverageSchema":"1a1c01bbd47fc00a2c39e90264f33305004495a9","hash":"2f92f81547f45321e24132fc845872a14902b0eb"}
}
