TN:
SF:app.js
FN:18,(anonymous_0)
FN:23,(anonymous_1)
FNF:2
FNH:1
FNDA:0,(anonymous_0)
FNDA:5,(anonymous_1)
DA:1,3
DA:2,3
DA:3,3
DA:4,3
DA:5,3
DA:6,3
DA:7,3
DA:8,3
DA:9,3
DA:11,3
DA:13,3
DA:14,3
DA:15,3
DA:16,3
DA:18,3
DA:19,0
DA:20,0
DA:23,3
DA:24,5
DA:25,5
DA:26,5
DA:32,3
LF:22
LH:20
BRDA:24,0,0,5
BRDA:24,0,1,0
BRF:2
BRH:1
end_of_record
TN:
SF:config.js
FNF:0
FNH:0
DA:1,3
DA:2,3
DA:3,3
DA:13,3
DA:14,3
DA:16,0
DA:19,3
LF:7
LH:6
BRDA:2,0,0,3
BRDA:2,0,1,3
BRDA:3,1,0,3
BRDA:3,1,1,3
BRDA:13,2,0,3
BRDA:13,2,1,0
BRDA:16,3,0,0
BRDA:16,3,1,0
BRF:8
BRH:5
end_of_record
TN:
SF:db.js
FNF:0
FNH:0
DA:3,3
DA:4,3
DA:5,3
DA:9,3
DA:11,3
LF:5
LH:5
BRF:0
BRH:0
end_of_record
TN:
SF:helpers/createToken.js
FN:4,createToken
FNF:1
FNH:1
FNDA:19,createToken
DA:1,3
DA:2,3
DA:5,19
DA:9,19
DA:12,3
LF:5
LH:5
BRF:0
BRH:0
end_of_record
TN:
SF:helpers/expressError.js
FN:2,(anonymous_0)
FNF:1
FNH:1
FNDA:5,(anonymous_0)
DA:3,5
DA:4,5
DA:5,5
DA:6,5
DA:10,3
LF:5
LH:5
BRF:0
BRH:0
end_of_record
TN:
SF:helpers/partialUpdate.js
FN:15,sqlForPartialUpdate
FNF:1
FNH:1
FNDA:3,sqlForPartialUpdate
DA:16,3
DA:17,3
DA:18,3
DA:19,7
DA:20,2
DA:23,3
DA:24,5
DA:25,5
DA:27,3
DA:28,3
DA:29,3
DA:30,3
DA:31,3
DA:34,3
LF:14
LH:14
BRDA:19,0,0,2
BRDA:19,0,1,5
BRF:2
BRH:2
end_of_record
TN:
SF:middleware/auth.js
FN:5,authRequired
FN:16,adminRequired
FN:30,ensureCorrectUser
FNF:3
FNH:0
FNDA:0,authRequired
FNDA:0,adminRequired
FNDA:0,ensureCorrectUser
DA:1,3
DA:2,3
DA:3,3
DA:6,0
DA:7,0
DA:8,0
DA:9,0
DA:10,0
DA:12,0
DA:17,0
DA:18,0
DA:19,0
DA:20,0
DA:21,0
DA:22,0
DA:24,0
DA:26,0
DA:31,0
DA:32,0
DA:33,0
DA:34,0
DA:35,0
DA:36,0
DA:38,0
DA:40,0
DA:44,3
LF:26
LH:4
BRDA:7,0,0,0
BRDA:7,0,1,0
BRDA:21,1,0,0
BRDA:21,1,1,0
BRDA:35,2,0,0
BRDA:35,2,1,0
BRF:6
BRH:0
end_of_record
TN:
SF:models/companies.js
FN:7,(anonymous_0)
FN:40,(anonymous_1)
FN:52,(anonymous_2)
FN:66,(anonymous_3)
FN:81,(anonymous_4)
FNF:5
FNH:5
FNDA:4,(anonymous_0)
FNDA:2,(anonymous_1)
FNDA:2,(anonymous_2)
FNDA:2,(anonymous_3)
FNDA:2,(anonymous_4)
DA:1,3
DA:2,3
DA:3,3
DA:8,4
DA:9,4
DA:10,4
DA:11,4
DA:12,4
DA:13,1
DA:14,1
DA:16,3
DA:17,0
DA:19,3
DA:20,1
DA:21,1
DA:23,3
DA:24,1
DA:25,1
DA:27,3
DA:28,3
DA:29,3
DA:31,3
DA:32,3
DA:34,3
DA:35,3
DA:36,3
DA:37,3
DA:41,2
DA:42,2
DA:43,1
DA:45,1
DA:49,1
DA:53,2
DA:54,2
DA:55,2
DA:56,1
DA:62,1
DA:63,1
DA:67,2
DA:73,2
DA:74,2
DA:75,2
DA:76,1
DA:78,1
DA:82,2
DA:83,2
DA:84,1
DA:90,3
LF:48
LH:47
BRDA:12,0,0,1
BRDA:12,0,1,3
BRDA:12,1,0,4
BRDA:12,1,1,1
BRDA:12,1,2,1
BRDA:16,2,0,0
BRDA:16,2,1,3
BRDA:19,3,0,1
BRDA:19,3,1,2
BRDA:23,4,0,1
BRDA:23,4,1,2
BRDA:27,5,0,3
BRDA:27,5,1,0
BRDA:31,6,0,3
BRDA:31,6,1,0
BRDA:42,7,0,1
BRDA:42,7,1,1
BRDA:55,8,0,1
BRDA:55,8,1,1
BRDA:75,9,0,1
BRDA:75,9,1,1
BRDA:83,10,0,1
BRDA:83,10,1,1
BRF:23
BRH:20
end_of_record
TN:
SF:models/jobs.js
FN:7,(anonymous_0)
FN:17,(anonymous_1)
FN:42,(anonymous_2)
FN:63,(anonymous_3)
FN:73,(anonymous_4)
FNF:5
FNH:4
FNDA:1,(anonymous_0)
FNDA:4,(anonymous_1)
FNDA:2,(anonymous_2)
FNDA:0,(anonymous_3)
FNDA:1,(anonymous_4)
DA:1,3
DA:2,3
DA:3,3
DA:8,1
DA:14,1
DA:18,4
DA:19,4
DA:20,4
DA:21,4
DA:22,4
DA:23,1
DA:24,1
DA:26,4
DA:27,1
DA:28,1
DA:30,4
DA:31,1
DA:32,1
DA:34,4
DA:35,3
DA:37,4
DA:38,4
DA:39,4
DA:43,2
DA:49,2
DA:50,2
DA:51,1
DA:53,1
DA:59,1
DA:60,1
DA:64,0
DA:65,0
DA:66,0
DA:67,0
DA:68,0
DA:70,0
DA:74,1
DA:80,1
DA:81,0
DA:87,3
LF:40
LH:33
BRDA:22,0,0,1
BRDA:22,0,1,3
BRDA:26,1,0,1
BRDA:26,1,1,3
BRDA:30,2,0,1
BRDA:30,2,1,3
BRDA:34,3,0,3
BRDA:34,3,1,1
BRDA:50,4,0,1
BRDA:50,4,1,1
BRDA:67,5,0,0
BRDA:67,5,1,0
BRDA:80,6,0,0
BRDA:80,6,1,1
BRF:14
BRH:11
end_of_record
TN:
SF:models/users.js
FN:9,(anonymous_0)
FN:32,(anonymous_1)
FN:63,(anonymous_2)
FN:72,(anonymous_3)
FN:94,(anonymous_4)
FN:107,(anonymous_5)
FNF:6
FNH:1
FNDA:19,(anonymous_0)
FNDA:0,(anonymous_1)
FNDA:0,(anonymous_2)
FNDA:0,(anonymous_3)
FNDA:0,(anonymous_4)
FNDA:0,(anonymous_5)
DA:1,3
DA:2,3
DA:3,3
DA:4,3
DA:5,3
DA:10,19
DA:22,19
DA:23,19
DA:24,19
DA:25,19
DA:26,19
DA:29,0
DA:33,0
DA:39,0
DA:40,0
DA:45,0
DA:46,0
DA:60,0
DA:64,0
DA:69,0
DA:73,0
DA:79,0
DA:80,0
DA:81,0
DA:83,0
DA:90,0
DA:91,0
DA:95,0
DA:96,0
DA:98,0
DA:99,0
DA:100,0
DA:101,0
DA:102,0
DA:104,0
DA:108,0
DA:114,0
DA:115,0
DA:121,3
LF:39
LH:12
BRDA:23,0,0,19
BRDA:23,0,1,0
BRDA:25,1,0,19
BRDA:25,1,1,0
BRDA:39,2,0,0
BRDA:39,2,1,0
BRDA:80,3,0,0
BRDA:80,3,1,0
BRDA:95,4,0,0
BRDA:95,4,1,0
BRDA:101,5,0,0
BRDA:101,5,1,0
BRDA:114,6,0,0
BRDA:114,6,1,0
BRF:14
BRH:2
end_of_record
TN:
SF:routes/auth.js
FN:6,(anonymous_0)
FNF:1
FNH:1
FNDA:19,(anonymous_0)
DA:1,3
DA:2,3
DA:3,3
DA:4,3
DA:6,3
DA:7,19
DA:8,19
DA:9,19
DA:10,19
DA:12,0
DA:16,3
LF:11
LH:10
BRF:0
BRH:0
end_of_record
TN:
SF:routes/companies.js
FN:9,(anonymous_0)
FN:18,(anonymous_1)
FN:22,(anonymous_2)
FN:33,(anonymous_3)
FN:42,(anonymous_4)
FN:49,(anonymous_5)
FN:60,(anonymous_6)
FNF:7
FNH:5
FNDA:4,(anonymous_0)
FNDA:2,(anonymous_1)
FNDA:0,(anonymous_2)
FNDA:2,(anonymous_3)
FNDA:2,(anonymous_4)
FNDA:0,(anonymous_5)
FNDA:2,(anonymous_6)
DA:1,3
DA:2,3
DA:3,3
DA:4,3
DA:5,3
DA:6,3
DA:7,3
DA:9,3
DA:10,4
DA:11,4
DA:12,4
DA:14,0
DA:18,3
DA:19,2
DA:20,2
DA:21,2
DA:22,0
DA:23,0
DA:24,0
DA:26,2
DA:27,1
DA:29,1
DA:33,3
DA:34,2
DA:35,2
DA:36,1
DA:38,1
DA:42,3
DA:43,2
DA:44,2
DA:45,0
DA:47,2
DA:48,2
DA:49,0
DA:50,0
DA:51,0
DA:53,2
DA:54,1
DA:56,1
DA:60,3
DA:61,2
DA:62,2
DA:63,1
DA:65,1
DA:69,3
LF:45
LH:37
BRDA:21,0,0,0
BRDA:21,0,1,2
BRDA:44,1,0,0
BRDA:44,1,1,2
BRDA:48,2,0,0
BRDA:48,2,1,2
BRF:6
BRH:3
end_of_record
TN:
SF:routes/jobs.js
FN:10,(anonymous_0)
FN:14,(anonymous_1)
FN:24,(anonymous_2)
FN:33,(anonymous_3)
FN:42,(anonymous_4)
FN:49,(anonymous_5)
FN:60,(anonymous_6)
FNF:7
FNH:4
FNDA:1,(anonymous_0)
FNDA:0,(anonymous_1)
FNDA:4,(anonymous_2)
FNDA:2,(anonymous_3)
FNDA:0,(anonymous_4)
FNDA:0,(anonymous_5)
FNDA:1,(anonymous_6)
DA:1,3
DA:2,3
DA:3,3
DA:4,3
DA:5,3
DA:6,3
DA:7,3
DA:8,3
DA:10,3
DA:11,1
DA:12,1
DA:13,1
DA:14,0
DA:15,0
DA:17,1
DA:18,1
DA:20,0
DA:24,3
DA:25,4
DA:26,4
DA:27,4
DA:29,0
DA:33,3
DA:34,2
DA:35,2
DA:36,1
DA:38,1
DA:42,3
DA:43,0
DA:44,0
DA:45,0
DA:47,0
DA:48,0
DA:49,0
DA:50,0
DA:52,0
DA:53,0
DA:55,0
DA:56,0
DA:60,3
DA:61,1
DA:62,1
DA:63,1
DA:65,0
DA:69,3
LF:45
LH:29
BRDA:13,0,0,0
BRDA:13,0,1,1
BRDA:44,1,0,0
BRDA:44,1,1,0
BRDA:48,2,0,0
BRDA:48,2,1,0
BRF:6
BRH:1
end_of_record
TN:
SF:routes/users.js
FN:11,(anonymous_0)
FN:20,(anonymous_1)
FN:29,(anonymous_2)
FN:33,(anonymous_3)
FN:43,(anonymous_4)
FN:52,(anonymous_5)
FN:61,(anonymous_6)
FNF:7
FNH:0
FNDA:0,(anonymous_0)
FNDA:0,(anonymous_1)
FNDA:0,(anonymous_2)
FNDA:0,(anonymous_3)
FNDA:0,(anonymous_4)
FNDA:0,(anonymous_5)
FNDA:0,(anonymous_6)
DA:1,3
DA:2,3
DA:3,3
DA:4,3
DA:5,3
DA:6,3
DA:7,3
DA:8,3
DA:9,3
DA:11,3
DA:12,0
DA:13,0
DA:14,0
DA:16,0
DA:20,3
DA:21,0
DA:22,0
DA:23,0
DA:25,0
DA:29,3
DA:30,0
DA:31,0
DA:32,0
DA:33,0
DA:35,0
DA:36,0
DA:37,0
DA:39,0
DA:43,3
DA:44,0
DA:45,0
DA:46,0
DA:50,0
DA:51,0
DA:52,0
DA:54,0
DA:55,0
DA:57,0
DA:61,3
DA:62,0
DA:63,0
DA:64,0
DA:66,0
DA:70,3
LF:44
LH:15
BRDA:32,0,0,0
BRDA:32,0,1,0
BRDA:45,1,0,0
BRDA:45,1,1,0
BRDA:45,2,0,0
BRDA:45,2,1,0
BRDA:51,3,0,0
BRDA:51,3,1,0
BRF:8
BRH:0
end_of_record
